<?xml version="1.0" encoding="UTF-8"?>
<testsuite xmlns:xsi="http://www.w3.org/2001/XMLSchema-instance" xsi:noNamespaceSchemaLocation="https://maven.apache.org/surefire/maven-surefire-plugin/xsd/surefire-test-report.xsd" name="com.kanouakira.vueblog.VueblogApplicationTests" time="2.285" tests="1" errors="0" skipped="0" failures="0">
  <properties>
    <property name="sun.desktop" value="windows"/>
    <property name="awt.toolkit" value="sun.awt.windows.WToolkit"/>
    <property name="file.encoding.pkg" value="sun.io"/>
    <property name="java.specification.version" value="1.8"/>
    <property name="sun.cpu.isalist" value="amd64"/>
    <property name="sun.jnu.encoding" value="GBK"/>
    <property name="java.class.path" value="D:\IdeaProjects\vueblog\target\test-classes;D:\IdeaProjects\vueblog\target\classes;D:\Java\RepMaven\org\springframework\boot\spring-boot-starter-web\2.2.6.RELEASE\spring-boot-starter-web-2.2.6.RELEASE.jar;D:\Java\RepMaven\org\springframework\boot\spring-boot-starter\2.2.6.RELEASE\spring-boot-starter-2.2.6.RELEASE.jar;D:\Java\RepMaven\org\springframework\boot\spring-boot-starter-logging\2.2.6.RELEASE\spring-boot-starter-logging-2.2.6.RELEASE.jar;D:\Java\RepMaven\ch\qos\logback\logback-classic\1.2.3\logback-classic-1.2.3.jar;D:\Java\RepMaven\ch\qos\logback\logback-core\1.2.3\logback-core-1.2.3.jar;D:\Java\RepMaven\org\apache\logging\log4j\log4j-to-slf4j\2.12.1\log4j-to-slf4j-2.12.1.jar;D:\Java\RepMaven\org\apache\logging\log4j\log4j-api\2.12.1\log4j-api-2.12.1.jar;D:\Java\RepMaven\org\slf4j\jul-to-slf4j\1.7.30\jul-to-slf4j-1.7.30.jar;D:\Java\RepMaven\jakarta\annotation\jakarta.annotation-api\1.3.5\jakarta.annotation-api-1.3.5.jar;D:\Java\RepMaven\org\yaml\snakeyaml\1.25\snakeyaml-1.25.jar;D:\Java\RepMaven\org\springframework\boot\spring-boot-starter-json\2.2.6.RELEASE\spring-boot-starter-json-2.2.6.RELEASE.jar;D:\Java\RepMaven\com\fasterxml\jackson\datatype\jackson-datatype-jdk8\2.10.3\jackson-datatype-jdk8-2.10.3.jar;D:\Java\RepMaven\com\fasterxml\jackson\datatype\jackson-datatype-jsr310\2.10.3\jackson-datatype-jsr310-2.10.3.jar;D:\Java\RepMaven\com\fasterxml\jackson\module\jackson-module-parameter-names\2.10.3\jackson-module-parameter-names-2.10.3.jar;D:\Java\RepMaven\org\springframework\boot\spring-boot-starter-validation\2.2.6.RELEASE\spring-boot-starter-validation-2.2.6.RELEASE.jar;D:\Java\RepMaven\jakarta\validation\jakarta.validation-api\2.0.2\jakarta.validation-api-2.0.2.jar;D:\Java\RepMaven\org\hibernate\validator\hibernate-validator\6.0.18.Final\hibernate-validator-6.0.18.Final.jar;D:\Java\RepMaven\org\jboss\logging\jboss-logging\3.4.1.Final\jboss-logging-3.4.1.Final.jar;D:\Java\RepMaven\com\fasterxml\classmate\1.5.1\classmate-1.5.1.jar;D:\Java\RepMaven\org\springframework\spring-web\5.2.5.RELEASE\spring-web-5.2.5.RELEASE.jar;D:\Java\RepMaven\org\springframework\spring-beans\5.2.5.RELEASE\spring-beans-5.2.5.RELEASE.jar;D:\Java\RepMaven\org\springframework\spring-webmvc\5.2.5.RELEASE\spring-webmvc-5.2.5.RELEASE.jar;D:\Java\RepMaven\org\springframework\spring-aop\5.2.5.RELEASE\spring-aop-5.2.5.RELEASE.jar;D:\Java\RepMaven\org\springframework\spring-context\5.2.5.RELEASE\spring-context-5.2.5.RELEASE.jar;D:\Java\RepMaven\org\springframework\spring-expression\5.2.5.RELEASE\spring-expression-5.2.5.RELEASE.jar;D:\Java\RepMaven\javax\servlet\javax.servlet-api\3.1.0\javax.servlet-api-3.1.0.jar;D:\Java\RepMaven\org\springframework\boot\spring-boot-devtools\2.2.6.RELEASE\spring-boot-devtools-2.2.6.RELEASE.jar;D:\Java\RepMaven\org\springframework\boot\spring-boot\2.2.6.RELEASE\spring-boot-2.2.6.RELEASE.jar;D:\Java\RepMaven\org\springframework\boot\spring-boot-autoconfigure\2.2.6.RELEASE\spring-boot-autoconfigure-2.2.6.RELEASE.jar;D:\Java\RepMaven\org\projectlombok\lombok\1.18.12\lombok-1.18.12.jar;D:\Java\RepMaven\org\springframework\boot\spring-boot-starter-test\2.2.6.RELEASE\spring-boot-starter-test-2.2.6.RELEASE.jar;D:\Java\RepMaven\org\springframework\boot\spring-boot-test\2.2.6.RELEASE\spring-boot-test-2.2.6.RELEASE.jar;D:\Java\RepMaven\org\springframework\boot\spring-boot-test-autoconfigure\2.2.6.RELEASE\spring-boot-test-autoconfigure-2.2.6.RELEASE.jar;D:\Java\RepMaven\com\jayway\jsonpath\json-path\2.4.0\json-path-2.4.0.jar;D:\Java\RepMaven\net\minidev\json-smart\2.3\json-smart-2.3.jar;D:\Java\RepMaven\net\minidev\accessors-smart\1.2\accessors-smart-1.2.jar;D:\Java\RepMaven\org\ow2\asm\asm\5.0.4\asm-5.0.4.jar;D:\Java\RepMaven\org\slf4j\slf4j-api\1.7.30\slf4j-api-1.7.30.jar;D:\Java\RepMaven\jakarta\xml\bind\jakarta.xml.bind-api\2.3.3\jakarta.xml.bind-api-2.3.3.jar;D:\Java\RepMaven\jakarta\activation\jakarta.activation-api\1.2.2\jakarta.activation-api-1.2.2.jar;D:\Java\RepMaven\org\junit\jupiter\junit-jupiter\5.5.2\junit-jupiter-5.5.2.jar;D:\Java\RepMaven\org\junit\jupiter\junit-jupiter-api\5.5.2\junit-jupiter-api-5.5.2.jar;D:\Java\RepMaven\org\apiguardian\apiguardian-api\1.1.0\apiguardian-api-1.1.0.jar;D:\Java\RepMaven\org\opentest4j\opentest4j\1.2.0\opentest4j-1.2.0.jar;D:\Java\RepMaven\org\junit\platform\junit-platform-commons\1.5.2\junit-platform-commons-1.5.2.jar;D:\Java\RepMaven\org\junit\jupiter\junit-jupiter-params\5.5.2\junit-jupiter-params-5.5.2.jar;D:\Java\RepMaven\org\junit\jupiter\junit-jupiter-engine\5.5.2\junit-jupiter-engine-5.5.2.jar;D:\Java\RepMaven\org\junit\platform\junit-platform-engine\1.5.2\junit-platform-engine-1.5.2.jar;D:\Java\RepMaven\org\mockito\mockito-junit-jupiter\3.1.0\mockito-junit-jupiter-3.1.0.jar;D:\Java\RepMaven\org\assertj\assertj-core\3.13.2\assertj-core-3.13.2.jar;D:\Java\RepMaven\org\hamcrest\hamcrest\2.1\hamcrest-2.1.jar;D:\Java\RepMaven\org\mockito\mockito-core\3.1.0\mockito-core-3.1.0.jar;D:\Java\RepMaven\net\bytebuddy\byte-buddy\1.10.8\byte-buddy-1.10.8.jar;D:\Java\RepMaven\net\bytebuddy\byte-buddy-agent\1.10.8\byte-buddy-agent-1.10.8.jar;D:\Java\RepMaven\org\objenesis\objenesis\2.6\objenesis-2.6.jar;D:\Java\RepMaven\org\skyscreamer\jsonassert\1.5.0\jsonassert-1.5.0.jar;D:\Java\RepMaven\com\vaadin\external\google\android-json\0.0.20131108.vaadin1\android-json-0.0.20131108.vaadin1.jar;D:\Java\RepMaven\org\springframework\spring-core\5.2.5.RELEASE\spring-core-5.2.5.RELEASE.jar;D:\Java\RepMaven\org\springframework\spring-jcl\5.2.5.RELEASE\spring-jcl-5.2.5.RELEASE.jar;D:\Java\RepMaven\org\springframework\spring-test\5.2.5.RELEASE\spring-test-5.2.5.RELEASE.jar;D:\Java\RepMaven\org\xmlunit\xmlunit-core\2.6.4\xmlunit-core-2.6.4.jar;D:\Java\RepMaven\com\baomidou\mybatis-plus-boot-starter\3.2.0\mybatis-plus-boot-starter-3.2.0.jar;D:\Java\RepMaven\com\baomidou\mybatis-plus\3.2.0\mybatis-plus-3.2.0.jar;D:\Java\RepMaven\org\springframework\boot\spring-boot-starter-jdbc\2.2.6.RELEASE\spring-boot-starter-jdbc-2.2.6.RELEASE.jar;D:\Java\RepMaven\com\zaxxer\HikariCP\3.4.2\HikariCP-3.4.2.jar;D:\Java\RepMaven\org\springframework\spring-jdbc\5.2.5.RELEASE\spring-jdbc-5.2.5.RELEASE.jar;D:\Java\RepMaven\org\springframework\spring-tx\5.2.5.RELEASE\spring-tx-5.2.5.RELEASE.jar;D:\Java\RepMaven\org\springframework\boot\spring-boot-starter-freemarker\2.2.6.RELEASE\spring-boot-starter-freemarker-2.2.6.RELEASE.jar;D:\Java\RepMaven\org\freemarker\freemarker\2.3.30\freemarker-2.3.30.jar;D:\Java\RepMaven\org\springframework\spring-context-support\5.2.5.RELEASE\spring-context-support-5.2.5.RELEASE.jar;D:\Java\RepMaven\mysql\mysql-connector-java\8.0.19\mysql-connector-java-8.0.19.jar;D:\Java\RepMaven\com\baomidou\mybatis-plus-generator\3.2.0\mybatis-plus-generator-3.2.0.jar;D:\Java\RepMaven\com\baomidou\mybatis-plus-extension\3.2.0\mybatis-plus-extension-3.2.0.jar;D:\Java\RepMaven\com\baomidou\mybatis-plus-core\3.2.0\mybatis-plus-core-3.2.0.jar;D:\Java\RepMaven\com\baomidou\mybatis-plus-annotation\3.2.0\mybatis-plus-annotation-3.2.0.jar;D:\Java\RepMaven\com\github\jsqlparser\jsqlparser\2.1\jsqlparser-2.1.jar;D:\Java\RepMaven\org\mybatis\mybatis\3.5.2\mybatis-3.5.2.jar;D:\Java\RepMaven\org\mybatis\mybatis-spring\2.0.2\mybatis-spring-2.0.2.jar;D:\Java\RepMaven\com\auth0\java-jwt\3.4.0\java-jwt-3.4.0.jar;D:\Java\RepMaven\com\fasterxml\jackson\core\jackson-databind\2.10.3\jackson-databind-2.10.3.jar;D:\Java\RepMaven\com\fasterxml\jackson\core\jackson-annotations\2.10.3\jackson-annotations-2.10.3.jar;D:\Java\RepMaven\com\fasterxml\jackson\core\jackson-core\2.10.3\jackson-core-2.10.3.jar;D:\Java\RepMaven\commons-codec\commons-codec\1.13\commons-codec-1.13.jar;D:\Java\RepMaven\com\qiniu\qiniu-java-sdk\7.2.28\qiniu-java-sdk-7.2.28.jar;D:\Java\RepMaven\com\squareup\okhttp3\okhttp\3.14.7\okhttp-3.14.7.jar;D:\Java\RepMaven\com\squareup\okio\okio\1.17.2\okio-1.17.2.jar;D:\Java\RepMaven\com\google\code\gson\gson\2.8.6\gson-2.8.6.jar;"/>
    <property name="java.vm.vendor" value="Oracle Corporation"/>
    <property name="sun.arch.data.model" value="64"/>
    <property name="user.variant" value=""/>
    <property name="java.vendor.url" value="http://java.oracle.com/"/>
    <property name="user.timezone" value="Asia/Shanghai"/>
    <property name="java.vm.specification.version" value="1.8"/>
    <property name="os.name" value="Windows 10"/>
    <property name="user.country" value="CN"/>
    <property name="sun.java.launcher" value="SUN_STANDARD"/>
    <property name="sun.boot.library.path" value="D:\Java\jdk1.8.0_202\jre\bin"/>
    <property name="sun.java.command" value="C:\Users\KANOUA~1\AppData\Local\Temp\surefire3357140843595349534\surefirebooter6475414818658687176.jar C:\Users\kanouakira\AppData\Local\Temp\surefire3357140843595349534 2020-06-23T18-02-36_650-jvmRun1 surefire2996461314648437323tmp surefire_03070105229979770506tmp"/>
    <property name="surefire.test.class.path" value="D:\IdeaProjects\vueblog\target\test-classes;D:\IdeaProjects\vueblog\target\classes;D:\Java\RepMaven\org\springframework\boot\spring-boot-starter-web\2.2.6.RELEASE\spring-boot-starter-web-2.2.6.RELEASE.jar;D:\Java\RepMaven\org\springframework\boot\spring-boot-starter\2.2.6.RELEASE\spring-boot-starter-2.2.6.RELEASE.jar;D:\Java\RepMaven\org\springframework\boot\spring-boot-starter-logging\2.2.6.RELEASE\spring-boot-starter-logging-2.2.6.RELEASE.jar;D:\Java\RepMaven\ch\qos\logback\logback-classic\1.2.3\logback-classic-1.2.3.jar;D:\Java\RepMaven\ch\qos\logback\logback-core\1.2.3\logback-core-1.2.3.jar;D:\Java\RepMaven\org\apache\logging\log4j\log4j-to-slf4j\2.12.1\log4j-to-slf4j-2.12.1.jar;D:\Java\RepMaven\org\apache\logging\log4j\log4j-api\2.12.1\log4j-api-2.12.1.jar;D:\Java\RepMaven\org\slf4j\jul-to-slf4j\1.7.30\jul-to-slf4j-1.7.30.jar;D:\Java\RepMaven\jakarta\annotation\jakarta.annotation-api\1.3.5\jakarta.annotation-api-1.3.5.jar;D:\Java\RepMaven\org\yaml\snakeyaml\1.25\snakeyaml-1.25.jar;D:\Java\RepMaven\org\springframework\boot\spring-boot-starter-json\2.2.6.RELEASE\spring-boot-starter-json-2.2.6.RELEASE.jar;D:\Java\RepMaven\com\fasterxml\jackson\datatype\jackson-datatype-jdk8\2.10.3\jackson-datatype-jdk8-2.10.3.jar;D:\Java\RepMaven\com\fasterxml\jackson\datatype\jackson-datatype-jsr310\2.10.3\jackson-datatype-jsr310-2.10.3.jar;D:\Java\RepMaven\com\fasterxml\jackson\module\jackson-module-parameter-names\2.10.3\jackson-module-parameter-names-2.10.3.jar;D:\Java\RepMaven\org\springframework\boot\spring-boot-starter-validation\2.2.6.RELEASE\spring-boot-starter-validation-2.2.6.RELEASE.jar;D:\Java\RepMaven\jakarta\validation\jakarta.validation-api\2.0.2\jakarta.validation-api-2.0.2.jar;D:\Java\RepMaven\org\hibernate\validator\hibernate-validator\6.0.18.Final\hibernate-validator-6.0.18.Final.jar;D:\Java\RepMaven\org\jboss\logging\jboss-logging\3.4.1.Final\jboss-logging-3.4.1.Final.jar;D:\Java\RepMaven\com\fasterxml\classmate\1.5.1\classmate-1.5.1.jar;D:\Java\RepMaven\org\springframework\spring-web\5.2.5.RELEASE\spring-web-5.2.5.RELEASE.jar;D:\Java\RepMaven\org\springframework\spring-beans\5.2.5.RELEASE\spring-beans-5.2.5.RELEASE.jar;D:\Java\RepMaven\org\springframework\spring-webmvc\5.2.5.RELEASE\spring-webmvc-5.2.5.RELEASE.jar;D:\Java\RepMaven\org\springframework\spring-aop\5.2.5.RELEASE\spring-aop-5.2.5.RELEASE.jar;D:\Java\RepMaven\org\springframework\spring-context\5.2.5.RELEASE\spring-context-5.2.5.RELEASE.jar;D:\Java\RepMaven\org\springframework\spring-expression\5.2.5.RELEASE\spring-expression-5.2.5.RELEASE.jar;D:\Java\RepMaven\javax\servlet\javax.servlet-api\3.1.0\javax.servlet-api-3.1.0.jar;D:\Java\RepMaven\org\springframework\boot\spring-boot-devtools\2.2.6.RELEASE\spring-boot-devtools-2.2.6.RELEASE.jar;D:\Java\RepMaven\org\springframework\boot\spring-boot\2.2.6.RELEASE\spring-boot-2.2.6.RELEASE.jar;D:\Java\RepMaven\org\springframework\boot\spring-boot-autoconfigure\2.2.6.RELEASE\spring-boot-autoconfigure-2.2.6.RELEASE.jar;D:\Java\RepMaven\org\projectlombok\lombok\1.18.12\lombok-1.18.12.jar;D:\Java\RepMaven\org\springframework\boot\spring-boot-starter-test\2.2.6.RELEASE\spring-boot-starter-test-2.2.6.RELEASE.jar;D:\Java\RepMaven\org\springframework\boot\spring-boot-test\2.2.6.RELEASE\spring-boot-test-2.2.6.RELEASE.jar;D:\Java\RepMaven\org\springframework\boot\spring-boot-test-autoconfigure\2.2.6.RELEASE\spring-boot-test-autoconfigure-2.2.6.RELEASE.jar;D:\Java\RepMaven\com\jayway\jsonpath\json-path\2.4.0\json-path-2.4.0.jar;D:\Java\RepMaven\net\minidev\json-smart\2.3\json-smart-2.3.jar;D:\Java\RepMaven\net\minidev\accessors-smart\1.2\accessors-smart-1.2.jar;D:\Java\RepMaven\org\ow2\asm\asm\5.0.4\asm-5.0.4.jar;D:\Java\RepMaven\org\slf4j\slf4j-api\1.7.30\slf4j-api-1.7.30.jar;D:\Java\RepMaven\jakarta\xml\bind\jakarta.xml.bind-api\2.3.3\jakarta.xml.bind-api-2.3.3.jar;D:\Java\RepMaven\jakarta\activation\jakarta.activation-api\1.2.2\jakarta.activation-api-1.2.2.jar;D:\Java\RepMaven\org\junit\jupiter\junit-jupiter\5.5.2\junit-jupiter-5.5.2.jar;D:\Java\RepMaven\org\junit\jupiter\junit-jupiter-api\5.5.2\junit-jupiter-api-5.5.2.jar;D:\Java\RepMaven\org\apiguardian\apiguardian-api\1.1.0\apiguardian-api-1.1.0.jar;D:\Java\RepMaven\org\opentest4j\opentest4j\1.2.0\opentest4j-1.2.0.jar;D:\Java\RepMaven\org\junit\platform\junit-platform-commons\1.5.2\junit-platform-commons-1.5.2.jar;D:\Java\RepMaven\org\junit\jupiter\junit-jupiter-params\5.5.2\junit-jupiter-params-5.5.2.jar;D:\Java\RepMaven\org\junit\jupiter\junit-jupiter-engine\5.5.2\junit-jupiter-engine-5.5.2.jar;D:\Java\RepMaven\org\junit\platform\junit-platform-engine\1.5.2\junit-platform-engine-1.5.2.jar;D:\Java\RepMaven\org\mockito\mockito-junit-jupiter\3.1.0\mockito-junit-jupiter-3.1.0.jar;D:\Java\RepMaven\org\assertj\assertj-core\3.13.2\assertj-core-3.13.2.jar;D:\Java\RepMaven\org\hamcrest\hamcrest\2.1\hamcrest-2.1.jar;D:\Java\RepMaven\org\mockito\mockito-core\3.1.0\mockito-core-3.1.0.jar;D:\Java\RepMaven\net\bytebuddy\byte-buddy\1.10.8\byte-buddy-1.10.8.jar;D:\Java\RepMaven\net\bytebuddy\byte-buddy-agent\1.10.8\byte-buddy-agent-1.10.8.jar;D:\Java\RepMaven\org\objenesis\objenesis\2.6\objenesis-2.6.jar;D:\Java\RepMaven\org\skyscreamer\jsonassert\1.5.0\jsonassert-1.5.0.jar;D:\Java\RepMaven\com\vaadin\external\google\android-json\0.0.20131108.vaadin1\android-json-0.0.20131108.vaadin1.jar;D:\Java\RepMaven\org\springframework\spring-core\5.2.5.RELEASE\spring-core-5.2.5.RELEASE.jar;D:\Java\RepMaven\org\springframework\spring-jcl\5.2.5.RELEASE\spring-jcl-5.2.5.RELEASE.jar;D:\Java\RepMaven\org\springframework\spring-test\5.2.5.RELEASE\spring-test-5.2.5.RELEASE.jar;D:\Java\RepMaven\org\xmlunit\xmlunit-core\2.6.4\xmlunit-core-2.6.4.jar;D:\Java\RepMaven\com\baomidou\mybatis-plus-boot-starter\3.2.0\mybatis-plus-boot-starter-3.2.0.jar;D:\Java\RepMaven\com\baomidou\mybatis-plus\3.2.0\mybatis-plus-3.2.0.jar;D:\Java\RepMaven\org\springframework\boot\spring-boot-starter-jdbc\2.2.6.RELEASE\spring-boot-starter-jdbc-2.2.6.RELEASE.jar;D:\Java\RepMaven\com\zaxxer\HikariCP\3.4.2\HikariCP-3.4.2.jar;D:\Java\RepMaven\org\springframework\spring-jdbc\5.2.5.RELEASE\spring-jdbc-5.2.5.RELEASE.jar;D:\Java\RepMaven\org\springframework\spring-tx\5.2.5.RELEASE\spring-tx-5.2.5.RELEASE.jar;D:\Java\RepMaven\org\springframework\boot\spring-boot-starter-freemarker\2.2.6.RELEASE\spring-boot-starter-freemarker-2.2.6.RELEASE.jar;D:\Java\RepMaven\org\freemarker\freemarker\2.3.30\freemarker-2.3.30.jar;D:\Java\RepMaven\org\springframework\spring-context-support\5.2.5.RELEASE\spring-context-support-5.2.5.RELEASE.jar;D:\Java\RepMaven\mysql\mysql-connector-java\8.0.19\mysql-connector-java-8.0.19.jar;D:\Java\RepMaven\com\baomidou\mybatis-plus-generator\3.2.0\mybatis-plus-generator-3.2.0.jar;D:\Java\RepMaven\com\baomidou\mybatis-plus-extension\3.2.0\mybatis-plus-extension-3.2.0.jar;D:\Java\RepMaven\com\baomidou\mybatis-plus-core\3.2.0\mybatis-plus-core-3.2.0.jar;D:\Java\RepMaven\com\baomidou\mybatis-plus-annotation\3.2.0\mybatis-plus-annotation-3.2.0.jar;D:\Java\RepMaven\com\github\jsqlparser\jsqlparser\2.1\jsqlparser-2.1.jar;D:\Java\RepMaven\org\mybatis\mybatis\3.5.2\mybatis-3.5.2.jar;D:\Java\RepMaven\org\mybatis\mybatis-spring\2.0.2\mybatis-spring-2.0.2.jar;D:\Java\RepMaven\com\auth0\java-jwt\3.4.0\java-jwt-3.4.0.jar;D:\Java\RepMaven\com\fasterxml\jackson\core\jackson-databind\2.10.3\jackson-databind-2.10.3.jar;D:\Java\RepMaven\com\fasterxml\jackson\core\jackson-annotations\2.10.3\jackson-annotations-2.10.3.jar;D:\Java\RepMaven\com\fasterxml\jackson\core\jackson-core\2.10.3\jackson-core-2.10.3.jar;D:\Java\RepMaven\commons-codec\commons-codec\1.13\commons-codec-1.13.jar;D:\Java\RepMaven\com\qiniu\qiniu-java-sdk\7.2.28\qiniu-java-sdk-7.2.28.jar;D:\Java\RepMaven\com\squareup\okhttp3\okhttp\3.14.7\okhttp-3.14.7.jar;D:\Java\RepMaven\com\squareup\okio\okio\1.17.2\okio-1.17.2.jar;D:\Java\RepMaven\com\google\code\gson\gson\2.8.6\gson-2.8.6.jar;"/>
    <property name="sun.cpu.endian" value="little"/>
    <property name="user.home" value="C:\Users\kanouakira"/>
    <property name="user.language" value="zh"/>
    <property name="java.specification.vendor" value="Oracle Corporation"/>
    <property name="java.home" value="D:\Java\jdk1.8.0_202\jre"/>
    <property name="basedir" value="D:\IdeaProjects\vueblog"/>
    <property name="file.separator" value="\"/>
    <property name="line.separator" value="&#10;"/>
    <property name="java.vm.specification.vendor" value="Oracle Corporation"/>
    <property name="java.specification.name" value="Java Platform API Specification"/>
    <property name="java.awt.graphicsenv" value="sun.awt.Win32GraphicsEnvironment"/>
    <property name="surefire.real.class.path" value="C:\Users\KANOUA~1\AppData\Local\Temp\surefire3357140843595349534\surefirebooter6475414818658687176.jar"/>
    <property name="sun.boot.class.path" value="D:\Java\jdk1.8.0_202\jre\lib\resources.jar;D:\Java\jdk1.8.0_202\jre\lib\rt.jar;D:\Java\jdk1.8.0_202\jre\lib\sunrsasign.jar;D:\Java\jdk1.8.0_202\jre\lib\jsse.jar;D:\Java\jdk1.8.0_202\jre\lib\jce.jar;D:\Java\jdk1.8.0_202\jre\lib\charsets.jar;D:\Java\jdk1.8.0_202\jre\lib\jfr.jar;D:\Java\jdk1.8.0_202\jre\classes"/>
    <property name="user.script" value=""/>
    <property name="sun.management.compiler" value="HotSpot 64-Bit Tiered Compilers"/>
    <property name="java.runtime.version" value="1.8.0_202-b08"/>
    <property name="user.name" value="kanouakira"/>
    <property name="path.separator" value=";"/>
    <property name="os.version" value="10.0"/>
    <property name="java.endorsed.dirs" value="D:\Java\jdk1.8.0_202\jre\lib\endorsed"/>
    <property name="java.runtime.name" value="Java(TM) SE Runtime Environment"/>
    <property name="file.encoding" value="GBK"/>
    <property name="java.vm.name" value="Java HotSpot(TM) 64-Bit Server VM"/>
    <property name="idea.version2020.1" value="true"/>
    <property name="localRepository" value="D:\Java\RepMaven"/>
    <property name="java.vendor.url.bug" value="http://bugreport.sun.com/bugreport/"/>
    <property name="java.io.tmpdir" value="C:\Users\KANOUA~1\AppData\Local\Temp\"/>
    <property name="java.version" value="1.8.0_202"/>
    <property name="user.dir" value="D:\IdeaProjects\vueblog"/>
    <property name="os.arch" value="amd64"/>
    <property name="java.vm.specification.name" value="Java Virtual Machine Specification"/>
    <property name="java.awt.printerjob" value="sun.awt.windows.WPrinterJob"/>
    <property name="sun.os.patch.level" value=""/>
    <property name="java.library.path" value="D:\Java\jdk1.8.0_202\jre\bin;C:\Windows\Sun\Java\bin;C:\Windows\system32;C:\Windows;C:\Program Files (x86)\Common Files\Oracle\Java\javapath;C:\Windows\system32;C:\Windows;C:\Windows\System32\Wbem;C:\Windows\System32\WindowsPowerShell\v1.0\;C:\Windows\System32\OpenSSH\;C:\Program Files\nodejs\;D:\Java\apache-maven-3.6.3\bin;C:\Program Files\Git\cmd;D:\miniconda3;D:\miniconda3\Library\mingw-w64\bin;D:\miniconda3\Library\usr\bin;D:\miniconda3\Library\bin;D:\miniconda3\Scripts;C:\Users\kanouakira\AppData\Local\Microsoft\WindowsApps;D:\IntelliJ IDEA 2020.1\bin;;D:\PyCharm 2019.2\bin;;C:\Users\kanouakira\AppData\Roaming\npm;."/>
    <property name="java.vm.info" value="mixed mode"/>
    <property name="java.vendor" value="Oracle Corporation"/>
    <property name="java.vm.version" value="25.202-b08"/>
    <property name="java.ext.dirs" value="D:\Java\jdk1.8.0_202\jre\lib\ext;C:\Windows\Sun\Java\lib\ext"/>
    <property name="sun.io.unicode.encoding" value="UnicodeLittle"/>
    <property name="java.class.version" value="52.0"/>
  </properties>
  <testcase name="contextLoads" classname="com.kanouakira.vueblog.VueblogApplicationTests" time="0.137"/>
</testsuite>